client/src/components/DevNavigation.tsx(4,25): error TS2307: Cannot find module '@/context/DemoContext' or its corresponding type declarations.
client/src/layouts/BusinessLayout.tsx(6,25): error TS2307: Cannot find module '@/context/DemoContext' or its corresponding type declarations.
server/routes.ts(454,56): error TS2345: Argument of type '{ username?: string | undefined; displayName?: string | null | undefined; email?: string | undefined; password?: string | undefined; role?: string | undefined; isHost?: boolean | undefined; ... 36 more ...; createdAt?: Date | undefined; }' is not assignable to parameter of type 'Partial<{ id: number; username: string; displayName: string | null; email: string; password: string; role: string; isHost: boolean; hostName: string | null; hostBio: string | null; hostAvatar: string | null; ... 35 more ...; createdAt: Date; }>'.
  Types of property 'hostCategories' are incompatible.
    Type '{ [x: number]: string; length: number; toString: () => string; toLocaleString: { (): string; (locales: string | string[], options?: (NumberFormatOptions & DateTimeFormatOptions) | undefined): string; }; ... 37 more ...; readonly [Symbol.unscopables]: { ...; }; } | null | undefined' is not assignable to type '("Social" | "Networking" | "Nightlife" | "Wellness" | "Community" | "Other")[] | null | undefined'.
      Type '{ [x: number]: string; length: number; toString: () => string; toLocaleString: { (): string; (locales: string | string[], options?: (NumberFormatOptions & DateTimeFormatOptions) | undefined): string; }; ... 37 more ...; readonly [Symbol.unscopables]: { ...; }; }' is not assignable to type '("Social" | "Networking" | "Nightlife" | "Wellness" | "Community" | "Other")[]'.
        The types returned by 'pop()' are incompatible between these types.
          Type 'unknown' is not assignable to type '"Social" | "Networking" | "Nightlife" | "Wellness" | "Community" | "Other" | undefined'.
